#
# There is insufficient memory for the Java Runtime Environment to continue.
# Native memory allocation (malloc) failed to allocate 1443056 bytes for Chunk::new
# Possible reasons:
#   The system is out of physical RAM or swap space
#   In 32 bit mode, the process size limit was hit
# Possible solutions:
#   Reduce memory load on the system
#   Increase physical memory or swap space
#   Check if swap backing store is full
#   Use 64 bit Java on a 64 bit OS
#   Decrease Java heap size (-Xmx/-Xms)
#   Decrease number of Java threads
#   Decrease Java thread stack sizes (-Xss)
#   Set larger code cache with -XX:ReservedCodeCacheSize=
# This output file may be truncated or incomplete.
#
#  Out of Memory Error (allocation.cpp:390), pid=9724, tid=0x0000000000002b6c
#
# JRE version: Java(TM) SE Runtime Environment (8.0_102-b14) (build 1.8.0_102-b14)
# Java VM: Java HotSpot(TM) 64-Bit Server VM (25.102-b14 mixed mode windows-amd64 compressed oops)
# Failed to write core dump. Minidumps are not enabled by default on client versions of Windows
#

---------------  T H R E A D  ---------------

Current thread (0x000000001760a800):  JavaThread "C2 CompilerThread0" daemon [_thread_in_native, id=11116, stack(0x0000000018c40000,0x0000000018d40000)]

Stack: [0x0000000018c40000,0x0000000018d40000]
[error occurred during error reporting (printing stack bounds), id 0xc0000005]

Native frames: (J=compiled Java code, j=interpreted, Vv=VM code, C=native code)


Current CompileTask:
C2:   7968 3794   !   4       javafx.scene.CssStyleHelper::transitionToState (1075 bytes)


---------------  P R O C E S S  ---------------

Java Threads: ( => current thread )
  0x000000001f794000 JavaThread "Thread-6" [_thread_blocked, id=8512, stack(0x00000000207d0000,0x00000000208d0000)]
  0x000000001b4a9800 JavaThread "Thread-5" [_thread_blocked, id=10600, stack(0x00000000206d0000,0x00000000207d0000)]
  0x000000001f67f000 JavaThread "Thread-4" [_thread_blocked, id=8320, stack(0x00000000205d0000,0x00000000206d0000)]
  0x000000001b15c800 JavaThread "Prism Font Disposer" daemon [_thread_blocked, id=11012, stack(0x000000001f500000,0x000000001f600000)]
  0x000000001b078000 JavaThread "JavaFX-Launcher" [_thread_blocked, id=10068, stack(0x000000001b830000,0x000000001b930000)]
  0x000000001b077000 JavaThread "Thread-2" daemon [_thread_in_native, id=3212, stack(0x0000000019c30000,0x0000000019d30000)]
  0x0000000019148800 JavaThread "JavaFX Application Thread" [_thread_in_native, id=9628, stack(0x0000000019b30000,0x0000000019c30000)]
  0x0000000019148000 JavaThread "Thread-1" daemon [_thread_blocked, id=9288, stack(0x0000000019a30000,0x0000000019b30000)]
  0x0000000019177000 JavaThread "QuantumRenderer-0" daemon [_thread_blocked, id=11124, stack(0x0000000019540000,0x0000000019640000)]
  0x0000000018e5d800 JavaThread "Service Thread" daemon [_thread_blocked, id=10952, stack(0x0000000019340000,0x0000000019440000)]
  0x0000000018e48800 JavaThread "C1 CompilerThread2" daemon [_thread_blocked, id=10420, stack(0x0000000019240000,0x0000000019340000)]
  0x0000000017661800 JavaThread "C2 CompilerThread1" daemon [_thread_in_native, id=10252, stack(0x0000000018d40000,0x0000000018e40000)]
=>0x000000001760a800 JavaThread "C2 CompilerThread0" daemon [_thread_in_native, id=11116, stack(0x0000000018c40000,0x0000000018d40000)]
  0x0000000017608800 JavaThread "Attach Listener" daemon [_thread_blocked, id=8400, stack(0x0000000018b40000,0x0000000018c40000)]
  0x0000000017614800 JavaThread "Signal Dispatcher" daemon [_thread_blocked, id=10272, stack(0x0000000018a40000,0x0000000018b40000)]
  0x00000000175fa800 JavaThread "Finalizer" daemon [_thread_blocked, id=9908, stack(0x0000000018860000,0x0000000018960000)]
  0x0000000002a9f000 JavaThread "Reference Handler" daemon [_thread_blocked, id=10144, stack(0x0000000018760000,0x0000000018860000)]
  0x00000000029b0800 JavaThread "main" [_thread_blocked, id=5320, stack(0x00000000027e0000,0x00000000028e0000)]

Other Threads:
  0x00000000175d8000 VMThread [stack: 0x0000000018660000,0x0000000018760000] [id=5944]
  0x0000000018e63000 WatcherThread [stack: 0x0000000019440000,0x0000000019540000] [id=10644]

VM state:not at safepoint (normal execution)

VM Mutex/Monitor currently owned by a thread: None

Heap:
 PSYoungGen      total 218624K, used 89225K [0x00000000d5d00000, 0x00000000e9d00000, 0x0000000100000000)
  eden space 147456K, 40% used [0x00000000d5d00000,0x00000000d97c4be0,0x00000000ded00000)
  from space 71168K, 40% used [0x00000000ded00000,0x00000000e095db10,0x00000000e3280000)
  to   space 65536K, 0% used [0x00000000e5d00000,0x00000000e5d00000,0x00000000e9d00000)
 ParOldGen       total 275968K, used 146106K [0x0000000081600000, 0x0000000092380000, 0x00000000d5d00000)
  object space 275968K, 52% used [0x0000000081600000,0x000000008a4ae8c8,0x0000000092380000)
 Metaspace       used 19476K, capacity 20832K, committed 20992K, reserved 1067008K
  class space    used 2746K, capacity 3015K, committed 3072K, reserved 1048576K

Card table byte_map: [0x0000000011e70000,0x0000000012270000] byte_map_base: 0x0000000011a65000

Marking Bits: (ParMarkBitMap*) 0x000000006795a6c0
 Begin Bits: [0x0000000012920000, 0x00000000148c8000)
 End Bits:   [0x00000000148c8000, 0x0000000016870000)

Polling page: 0x0000000000fc0000

CodeCache: size=245760Kb used=12074Kb max_used=12074Kb free=233685Kb
 bounds [0x0000000002ab0000, 0x0000000003690000, 0x0000000011ab0000]
 total_blobs=4697 nmethods=4015 adapters=592
 compilation: enabled

Compilation events (10 events):
Event: 7.939 Thread 0x0000000018e48800 4020       3       com.sun.javafx.scene.EnteredExitedHandler::dispatchCapturingEvent (222 bytes)
Event: 7.940 Thread 0x0000000018e48800 nmethod 4020 0x000000000367a910 code [0x000000000367aca0, 0x000000000367d378]
Event: 7.947 Thread 0x0000000018e48800 4023       3       com.sun.javafx.event.EventHandlerManager::dispatchBubblingEvent (23 bytes)
Event: 7.948 Thread 0x0000000018e48800 nmethod 4023 0x000000000367e1d0 code [0x000000000367e3a0, 0x000000000367ed28]
Event: 7.948 Thread 0x0000000018e48800 4022       3       com.sun.javafx.event.CompositeEventDispatcher::dispatchBubblingEvent (35 bytes)
Event: 7.949 Thread 0x0000000018e48800 nmethod 4022 0x000000000367f0d0 code [0x000000000367f260, 0x000000000367f778]
Event: 7.958 Thread 0x0000000018e48800 4024       3       com.sun.javafx.event.CompositeEventDispatcher::dispatchCapturingEvent (35 bytes)
Event: 7.958 Thread 0x0000000018e48800 nmethod 4024 0x000000000367f8d0 code [0x000000000367fa60, 0x000000000367ff78]
Event: 7.958 Thread 0x0000000018e48800 4025       3       javafx.scene.Node::sceneToLocal0 (46 bytes)
Event: 7.959 Thread 0x0000000018e48800 nmethod 4025 0x00000000036800d0 code [0x0000000003680380, 0x0000000003681c38]

GC Heap History (10 events):
Event: 2.911 GC heap before
{Heap before GC invocations=5 (full 1):
 PSYoungGen      total 71680K, used 60485K [0x00000000d5d00000, 0x00000000de900000, 0x0000000100000000)
  eden space 66560K, 90% used [0x00000000d5d00000,0x00000000d9811438,0x00000000d9e00000)
  from space 5120K, 0% used [0x00000000d9e00000,0x00000000d9e00000,0x00000000da300000)
  to   space 5120K, 0% used [0x00000000de400000,0x00000000de400000,0x00000000de900000)
 ParOldGen       total 180224K, used 76333K [0x0000000081600000, 0x000000008c600000, 0x00000000d5d00000)
  object space 180224K, 42% used [0x0000000081600000,0x000000008608b470,0x000000008c600000)
 Metaspace       used 13302K, capacity 13870K, committed 13952K, reserved 1060864K
  class space    used 1949K, capacity 2115K, committed 2176K, reserved 1048576K
Event: 2.953 GC heap after
Heap after GC invocations=5 (full 1):
 PSYoungGen      total 111104K, used 5103K [0x00000000d5d00000, 0x00000000de900000, 0x0000000100000000)
  eden space 105984K, 0% used [0x00000000d5d00000,0x00000000d5d00000,0x00000000dc480000)
  from space 5120K, 99% used [0x00000000de400000,0x00000000de8fbd68,0x00000000de900000)
  to   space 5120K, 0% used [0x00000000ddf00000,0x00000000ddf00000,0x00000000de400000)
 ParOldGen       total 180224K, used 124944K [0x0000000081600000, 0x000000008c600000, 0x00000000d5d00000)
  object space 180224K, 69% used [0x0000000081600000,0x0000000089004190,0x000000008c600000)
 Metaspace       used 13302K, capacity 13870K, committed 13952K, reserved 1060864K
  class space    used 1949K, capacity 2115K, committed 2176K, reserved 1048576K
}
Event: 2.953 GC heap before
{Heap before GC invocations=6 (full 2):
 PSYoungGen      total 111104K, used 5103K [0x00000000d5d00000, 0x00000000de900000, 0x0000000100000000)
  eden space 105984K, 0% used [0x00000000d5d00000,0x00000000d5d00000,0x00000000dc480000)
  from space 5120K, 99% used [0x00000000de400000,0x00000000de8fbd68,0x00000000de900000)
  to   space 5120K, 0% used [0x00000000ddf00000,0x00000000ddf00000,0x00000000de400000)
 ParOldGen       total 180224K, used 124944K [0x0000000081600000, 0x000000008c600000, 0x00000000d5d00000)
  object space 180224K, 69% used [0x0000000081600000,0x0000000089004190,0x000000008c600000)
 Metaspace       used 13302K, capacity 13870K, committed 13952K, reserved 1060864K
  class space    used 1949K, capacity 2115K, committed 2176K, reserved 1048576K
Event: 3.028 GC heap after
Heap after GC invocations=6 (full 2):
 PSYoungGen      total 111104K, used 0K [0x00000000d5d00000, 0x00000000de900000, 0x0000000100000000)
  eden space 105984K, 0% used [0x00000000d5d00000,0x00000000d5d00000,0x00000000dc480000)
  from space 5120K, 0% used [0x00000000de400000,0x00000000de400000,0x00000000de900000)
  to   space 5120K, 0% used [0x00000000ddf00000,0x00000000ddf00000,0x00000000de400000)
 ParOldGen       total 275968K, used 129898K [0x0000000081600000, 0x0000000092380000, 0x00000000d5d00000)
  object space 275968K, 47% used [0x0000000081600000,0x00000000894da8a8,0x0000000092380000)
 Metaspace       used 13302K, capacity 13870K, committed 13952K, reserved 1060864K
  class space    used 1949K, capacity 2115K, committed 2176K, reserved 1048576K
}
Event: 3.332 GC heap before
{Heap before GC invocations=7 (full 2):
 PSYoungGen      total 111104K, used 105984K [0x00000000d5d00000, 0x00000000de900000, 0x0000000100000000)
  eden space 105984K, 100% used [0x00000000d5d00000,0x00000000dc480000,0x00000000dc480000)
  from space 5120K, 0% used [0x00000000de400000,0x00000000de400000,0x00000000de900000)
  to   space 5120K, 0% used [0x00000000ddf00000,0x00000000ddf00000,0x00000000de400000)
 ParOldGen       total 275968K, used 129898K [0x0000000081600000, 0x0000000092380000, 0x00000000d5d00000)
  object space 275968K, 47% used [0x0000000081600000,0x00000000894da8a8,0x0000000092380000)
 Metaspace       used 13309K, capacity 13870K, committed 13952K, reserved 1060864K
  class space    used 1950K, capacity 2115K, committed 2176K, reserved 1048576K
Event: 3.345 GC heap after
Heap after GC invocations=7 (full 2):
 PSYoungGen      total 138240K, used 128K [0x00000000d5d00000, 0x00000000e7b80000, 0x0000000100000000)
  eden space 133120K, 0% used [0x00000000d5d00000,0x00000000d5d00000,0x00000000ddf00000)
  from space 5120K, 2% used [0x00000000ddf00000,0x00000000ddf20000,0x00000000de400000)
  to   space 74752K, 0% used [0x00000000e3280000,0x00000000e3280000,0x00000000e7b80000)
 ParOldGen       total 275968K, used 146098K [0x0000000081600000, 0x0000000092380000, 0x00000000d5d00000)
  object space 275968K, 52% used [0x0000000081600000,0x000000008a4ac8c8,0x0000000092380000)
 Metaspace       used 13309K, capacity 13870K, committed 13952K, reserved 1060864K
  class space    used 1950K, capacity 2115K, committed 2176K, reserved 1048576K
}
Event: 3.649 GC heap before
{Heap before GC invocations=8 (full 2):
 PSYoungGen      total 138240K, used 133248K [0x00000000d5d00000, 0x00000000e7b80000, 0x0000000100000000)
  eden space 133120K, 100% used [0x00000000d5d00000,0x00000000ddf00000,0x00000000ddf00000)
  from space 5120K, 2% used [0x00000000ddf00000,0x00000000ddf20000,0x00000000de400000)
  to   space 74752K, 0% used [0x00000000e3280000,0x00000000e3280000,0x00000000e7b80000)
 ParOldGen       total 275968K, used 146098K [0x0000000081600000, 0x0000000092380000, 0x00000000d5d00000)
  object space 275968K, 52% used [0x0000000081600000,0x000000008a4ac8c8,0x0000000092380000)
 Metaspace       used 13309K, capacity 13870K, committed 13952K, reserved 1060864K
  class space    used 1950K, capacity 2115K, committed 2176K, reserved 1048576K
Event: 3.661 GC heap after
Heap after GC invocations=8 (full 2):
 PSYoungGen      total 222208K, used 16328K [0x00000000d5d00000, 0x00000000e9880000, 0x0000000100000000)
  eden space 147456K, 0% used [0x00000000d5d00000,0x00000000d5d00000,0x00000000ded00000)
  from space 74752K, 21% used [0x00000000e3280000,0x00000000e4272020,0x00000000e7b80000)
  to   space 71168K, 0% used [0x00000000ded00000,0x00000000ded00000,0x00000000e3280000)
 ParOldGen       total 275968K, used 146098K [0x0000000081600000, 0x0000000092380000, 0x00000000d5d00000)
  object space 275968K, 52% used [0x0000000081600000,0x000000008a4ac8c8,0x0000000092380000)
 Metaspace       used 13309K, capacity 13870K, committed 13952K, reserved 1060864K
  class space    used 1950K, capacity 2115K, committed 2176K, reserved 1048576K
}
Event: 4.680 GC heap before
{Heap before GC invocations=9 (full 2):
 PSYoungGen      total 222208K, used 163784K [0x00000000d5d00000, 0x00000000e9880000, 0x0000000100000000)
  eden space 147456K, 100% used [0x00000000d5d00000,0x00000000ded00000,0x00000000ded00000)
  from space 74752K, 21% used [0x00000000e3280000,0x00000000e4272020,0x00000000e7b80000)
  to   space 71168K, 0% used [0x00000000ded00000,0x00000000ded00000,0x00000000e3280000)
 ParOldGen       total 275968K, used 146098K [0x0000000081600000, 0x0000000092380000, 0x00000000d5d00000)
  object space 275968K, 52% used [0x0000000081600000,0x000000008a4ac8c8,0x0000000092380000)
 Metaspace       used 16475K, capacity 17358K, committed 17664K, reserved 1064960K
  class space    used 2316K, capacity 2517K, committed 2560K, reserved 1048576K
Event: 4.704 GC heap after
Heap after GC invocations=9 (full 2):
 PSYoungGen      total 218624K, used 29046K [0x00000000d5d00000, 0x00000000e9d00000, 0x0000000100000000)
  eden space 147456K, 0% used [0x00000000d5d00000,0x00000000d5d00000,0x00000000ded00000)
  from space 71168K, 40% used [0x00000000ded00000,0x00000000e095db10,0x00000000e3280000)
  to   space 65536K, 0% used [0x00000000e5d00000,0x00000000e5d00000,0x00000000e9d00000)
 ParOldGen       total 275968K, used 146106K [0x0000000081600000, 0x0000000092380000, 0x00000000d5d00000)
  object space 275968K, 52% used [0x0000000081600000,0x000000008a4ae8c8,0x0000000092380000)
 Metaspace       used 16475K, capacity 17358K, committed 17664K, reserved 1064960K
  class space    used 2316K, capacity 2517K, committed 2560K, reserved 1048576K
}

Deoptimization events (10 events):
Event: 7.681 Thread 0x0000000019148800 Uncommon trap: reason=bimorphic action=maybe_recompile pc=0x0000000002fde118 method=com.sun.javafx.collections.ListListenerHelper.fireValueChangedEvent(Lcom/sun/javafx/collections/ListListenerHelper;Ljavafx/collections/ListChangeListener$Change;)V @ 5
Event: 7.681 Thread 0x0000000019148800 Uncommon trap: reason=bimorphic action=maybe_recompile pc=0x0000000002fde118 method=com.sun.javafx.collections.ListListenerHelper.fireValueChangedEvent(Lcom/sun/javafx/collections/ListListenerHelper;Ljavafx/collections/ListChangeListener$Change;)V @ 5
Event: 7.682 Thread 0x0000000019148800 Uncommon trap: reason=speculate_class_check action=maybe_recompile pc=0x0000000002e220ec method=javafx.collections.ListChangeListener$Change.wasAdded()Z @ 1
Event: 7.738 Thread 0x0000000019177000 Uncommon trap: reason=unstable_if action=reinterpret pc=0x00000000032dcc18 method=com.sun.javafx.geom.transform.AffineBase.updateState2D()V @ 51
Event: 7.792 Thread 0x0000000019177000 Uncommon trap: reason=unstable_if action=reinterpret pc=0x000000000324b1fc method=com.sun.javafx.geom.transform.AffineBase.translate(DD)V @ 534
Event: 7.792 Thread 0x0000000019177000 Uncommon trap: reason=unstable_if action=reinterpret pc=0x0000000003244660 method=com.sun.javafx.geom.transform.AffineBase.updateState2D()V @ 51
Event: 7.794 Thread 0x0000000019177000 Uncommon trap: reason=unstable_if action=reinterpret pc=0x0000000003246eac method=com.sun.javafx.geom.transform.AffineBase.updateState2D()V @ 6
Event: 7.795 Thread 0x0000000019177000 Uncommon trap: reason=unstable_if action=reinterpret pc=0x00000000032aec2c method=com.sun.javafx.geom.transform.AffineBase.updateState2D()V @ 6
Event: 7.799 Thread 0x0000000019177000 Uncommon trap: reason=unstable_if action=reinterpret pc=0x00000000032f2d30 method=com.sun.scenario.effect.ImageData.unref()V @ 54
Event: 7.860 Thread 0x0000000019177000 Uncommon trap: reason=unstable_if action=reinterpret pc=0x00000000032288c4 method=com.sun.javafx.geom.RectBounds.isEmpty()Z @ 21

Internal exceptions (10 events):
Event: 0.644 Thread 0x0000000019148800 Exception <a 'java/lang/NullPointerException'> (0x00000000d6a5a8c0) thrown at [C:\re\workspace\8-2-build-windows-amd64-cygwin\jdk8u102\7268\hotspot\src\share\vm\interpreter\linkResolver.cpp, line 1178]
Event: 0.644 Thread 0x0000000019148800 Exception <a 'java/lang/NullPointerException'> (0x00000000d6a5a8c0) thrown at [C:\re\workspace\8-2-build-windows-amd64-cygwin\jdk8u102\7268\hotspot\src\share\vm\prims\jvm.cpp, line 1390]
Event: 4.163 Thread 0x0000000019148800 Exception <a 'java/io/FileNotFoundException'> (0x00000000de0dabd0) thrown at [C:\re\workspace\8-2-build-windows-amd64-cygwin\jdk8u102\7268\hotspot\src\share\vm\prims\jni.cpp, line 709]
Event: 5.339 Thread 0x0000000019177000 Implicit null exception at 0x00000000032ca597 to 0x00000000032ca779
Event: 6.418 Thread 0x0000000019148800 Exception <a 'java/io/FileNotFoundException'> (0x00000000d6099ee0) thrown at [C:\re\workspace\8-2-build-windows-amd64-cygwin\jdk8u102\7268\hotspot\src\share\vm\prims\jni.cpp, line 709]
Event: 6.431 Thread 0x0000000019148800 Exception <a 'java/io/FileNotFoundException'> (0x00000000d60d1f38) thrown at [C:\re\workspace\8-2-build-windows-amd64-cygwin\jdk8u102\7268\hotspot\src\share\vm\prims\jni.cpp, line 709]
Event: 6.445 Thread 0x0000000019148800 Exception <a 'java/io/FileNotFoundException'> (0x00000000d6100018) thrown at [C:\re\workspace\8-2-build-windows-amd64-cygwin\jdk8u102\7268\hotspot\src\share\vm\prims\jni.cpp, line 709]
Event: 7.663 Thread 0x0000000019177000 Implicit null exception at 0x0000000003280ee5 to 0x0000000003280f69
Event: 7.663 Thread 0x0000000019177000 Implicit null exception at 0x0000000003269594 to 0x00000000032695f9
Event: 7.663 Thread 0x0000000019177000 Implicit null exception at 0x00000000031aeb10 to 0x00000000031aeb69

Events (10 events):
Event: 7.835 loading class com/sun/prism/shader/FillCircle_RadialGradient_PAD_Loader done
Event: 7.836 loading class com/sun/scenario/effect/InvertMask$1
Event: 7.836 loading class com/sun/scenario/effect/InvertMask$1 done
Event: 7.836 loading class com/sun/scenario/effect/impl/prism/ps/PPSInvertMaskPeer
Event: 7.836 loading class com/sun/scenario/effect/impl/prism/ps/PPSInvertMaskPeer done
Event: 7.838 loading class com/sun/scenario/effect/impl/prism/ps/PPSBlend_SRC_ATOPPeer
Event: 7.838 loading class com/sun/scenario/effect/impl/prism/ps/PPSBlend_SRC_ATOPPeer done
Event: 7.860 Thread 0x0000000019177000 Uncommon trap: trap_request=0xffffff65 fr.pc=0x00000000032288c4
Event: 7.860 Thread 0x0000000019177000 DEOPT PACKING pc=0x00000000032288c4 sp=0x0000000019638aa0
Event: 7.860 Thread 0x0000000019177000 DEOPT UNPACKING pc=0x0000000002af582a sp=0x0000000019638a38 mode 2


Dynamic libraries:
0x00007ff6f1160000 - 0x00007ff6f1197000 	C:\Program Files\Java\jre1.8.0_102\bin\javaw.exe
0x00007ff9868d0000 - 0x00007ff986a7d000 	C:\windows\SYSTEM32\ntdll.dll
0x00007ff983f60000 - 0x00007ff98409e000 	C:\windows\system32\KERNEL32.DLL
0x00007ff983d90000 - 0x00007ff983ea5000 	C:\windows\system32\KERNELBASE.dll
0x00007ff9825d0000 - 0x00007ff98265e000 	C:\windows\system32\apphelp.dll
0x00007ff93a9f0000 - 0x00007ff93aa43000 	C:\windows\AppPatch\AppPatch64\AcGenral.DLL
0x00007ff984640000 - 0x00007ff9846ea000 	C:\windows\system32\msvcrt.dll
0x00007ff983b30000 - 0x00007ff983b5e000 	C:\windows\system32\SspiCli.dll
0x00007ff9845e0000 - 0x00007ff984634000 	C:\windows\system32\SHLWAPI.dll
0x00007ff986750000 - 0x00007ff9868c7000 	C:\windows\system32\USER32.dll
0x00007ff984e90000 - 0x00007ff985024000 	C:\windows\system32\ole32.dll
0x00007ff985070000 - 0x00007ff986599000 	C:\windows\system32\SHELL32.dll
0x00007ff983050000 - 0x00007ff983071000 	C:\windows\SYSTEM32\USERENV.dll
0x00007ff984ad0000 - 0x00007ff984b7a000 	C:\windows\system32\ADVAPI32.dll
0x00007ff96d750000 - 0x00007ff96d76e000 	C:\windows\SYSTEM32\MPR.dll
0x00007ff984990000 - 0x00007ff984ad0000 	C:\windows\system32\RPCRT4.dll
0x00007ff984260000 - 0x00007ff9842b9000 	C:\windows\SYSTEM32\sechost.dll
0x00007ff984700000 - 0x00007ff984911000 	C:\windows\SYSTEM32\combase.dll
0x00007ff984330000 - 0x00007ff98447f000 	C:\windows\system32\GDI32.dll
0x00007ff983a00000 - 0x00007ff983a15000 	C:\windows\SYSTEM32\profapi.dll
0x00007ff981f80000 - 0x00007ff982032000 	C:\windows\SYSTEM32\SHCORE.dll
0x00007ff985030000 - 0x00007ff985066000 	C:\windows\system32\IMM32.DLL
0x00007ff984480000 - 0x00007ff9845d2000 	C:\windows\system32\MSCTF.dll
0x00007ff981b00000 - 0x00007ff981d7b000 	C:\windows\WinSxS\amd64_microsoft.windows.common-controls_6595b64144ccf1df_6.0.9600.18006_none_623f33d3ecbe86e8\COMCTL32.dll
0x0000000066bd0000 - 0x0000000066ca1000 	C:\Program Files\Java\jre1.8.0_102\bin\msvcr100.dll
0x0000000067140000 - 0x00000000679da000 	C:\Program Files\Java\jre1.8.0_102\bin\server\jvm.dll
0x00007ff942260000 - 0x00007ff942269000 	C:\windows\SYSTEM32\WSOCK32.dll
0x00007ff981480000 - 0x00007ff9814a2000 	C:\windows\SYSTEM32\WINMM.dll
0x00007ff9814b0000 - 0x00007ff9814ba000 	C:\windows\SYSTEM32\VERSION.dll
0x00007ff984920000 - 0x00007ff984927000 	C:\windows\system32\PSAPI.DLL
0x00007ff984930000 - 0x00007ff98498a000 	C:\windows\system32\WS2_32.dll
0x00007ff981440000 - 0x00007ff98146a000 	C:\windows\SYSTEM32\WINMMBASE.dll
0x00007ff986740000 - 0x00007ff986749000 	C:\windows\system32\NSI.dll
0x00007ff983b60000 - 0x00007ff983baf000 	C:\windows\SYSTEM32\cfgmgr32.dll
0x00007ff982820000 - 0x00007ff982848000 	C:\windows\SYSTEM32\DEVOBJ.dll
0x0000000067050000 - 0x000000006705f000 	C:\Program Files\Java\jre1.8.0_102\bin\verify.dll
0x0000000067020000 - 0x0000000067049000 	C:\Program Files\Java\jre1.8.0_102\bin\java.dll
0x0000000067000000 - 0x0000000067016000 	C:\Program Files\Java\jre1.8.0_102\bin\zip.dll
0x00007ff93a900000 - 0x00007ff93a9ef000 	C:\Program Files\Java\jre1.8.0_102\bin\msvcr120.dll
0x00007ff93a850000 - 0x00007ff93a8f6000 	C:\Program Files\Java\jre1.8.0_102\bin\msvcp120.dll
0x0000000066ba0000 - 0x0000000066bc2000 	C:\Program Files\Java\jre1.8.0_102\bin\prism_d3d.dll
0x00007ff96d2b0000 - 0x00007ff96d4d1000 	C:\windows\system32\d3d9.dll
0x00007ff981d80000 - 0x00007ff981da1000 	C:\windows\SYSTEM32\dwmapi.dll
0x00007ff9826a0000 - 0x00007ff9827c9000 	C:\windows\system32\uxtheme.dll
0x0000000066b50000 - 0x0000000066b93000 	C:\Program Files\Java\jre1.8.0_102\bin\glass.dll
0x00007ff986680000 - 0x00007ff986736000 	C:\windows\system32\COMDLG32.dll
0x00007ff984dc0000 - 0x00007ff984e81000 	C:\windows\system32\OLEAUT32.dll
0x00007ff96b120000 - 0x00007ff96b1cb000 	C:\Program Files\Common Files\microsoft shared\ink\tiptsf.dll
0x00007ff982890000 - 0x00007ff98289b000 	C:\windows\SYSTEM32\kernel.appcore.dll
0x00007ff983940000 - 0x00007ff98394b000 	C:\windows\SYSTEM32\CRYPTBASE.dll
0x00007ff9838d0000 - 0x00007ff983933000 	C:\windows\SYSTEM32\bcryptPrimitives.dll
0x00007ff93f060000 - 0x00007ff93ff88000 	C:\windows\SYSTEM32\nvd3dumx.dll
0x00007ff983080000 - 0x00007ff9830c6000 	C:\windows\system32\powrprof.dll
0x0000000066b30000 - 0x0000000066b44000 	C:\Program Files\Java\jre1.8.0_102\bin\javafx_font.dll
0x00007ff980d70000 - 0x00007ff980f5c000 	C:\windows\SYSTEM32\dwrite.dll
0x00007ff9865a0000 - 0x00007ff986656000 	C:\windows\SYSTEM32\clbcatq.dll
0x00007ff97fb60000 - 0x00007ff97fd0e000 	C:\windows\SYSTEM32\WindowsCodecs.dll
0x00007ff983370000 - 0x00007ff983390000 	C:\windows\SYSTEM32\CRYPTSP.dll
0x00007ff982f40000 - 0x00007ff982f76000 	C:\windows\system32\rsaenh.dll
0x00007ff9835c0000 - 0x00007ff9835e6000 	C:\windows\SYSTEM32\bcrypt.dll
0x00007ff96d720000 - 0x00007ff96d74e000 	C:\Program Files\Common Files\Microsoft Shared\Ink\rtscom.dll
0x00007ff980af0000 - 0x00007ff980b5a000 	C:\windows\SYSTEM32\oleacc.dll
0x0000000066b10000 - 0x0000000066b21000 	C:\Program Files\Java\jre1.8.0_102\bin\prism_common.dll
0x00007ff97c650000 - 0x00007ff97cad1000 	C:\windows\SYSTEM32\d2d1.dll
0x00007ff97f920000 - 0x00007ff97fb53000 	C:\windows\SYSTEM32\d3d11.dll
0x00007ff980400000 - 0x00007ff980487000 	C:\windows\SYSTEM32\dxgi.dll
0x00007ff9694c0000 - 0x00007ff96971f000 	C:\windows\SYSTEM32\D3D10Warp.dll

VM Arguments:
jvm_args: -Dfile.encoding=UTF-8 
java_command: com.EudyContreras.Snake.Application.GameManager
java_class_path (initial): C:\Users\Eudy\git\personal-snake-project\Personal JavaFX Snake\bin;C:\Users\Eudy\Documents\Eclipsse Kepler\eclipse\plugins\org.eclipse.fx.ide.css.jfx8_2.4.0.201605112122.jar
Launcher Type: SUN_STANDARD

Environment Variables:
PATH=C:/Program Files/Java/jre1.8.0_102/bin/server;C:/Program Files/Java/jre1.8.0_102/bin;C:/Program Files/Java/jre1.8.0_102/lib/amd64;C:\ProgramData\Oracle\Java\javapath;C:\Program Files (x86)\Lenovo\FusionEngine;C:\Program Files (x86)\NVIDIA Corporation\PhysX\Common;C:\Program Files (x86)\Intel\iCLS Client\;C:\Program Files\Intel\iCLS Client\;C:\windows\system32;C:\windows;C:\windows\System32\Wbem;C:\windows\System32\WindowsPowerShell\v1.0\;C:\Program Files\Intel\Intel(R) Management Engine Components\DAL;C:\Program Files (x86)\Intel\Intel(R) Management Engine Components\DAL;C:\Program Files\Intel\Intel(R) Management Engine Components\IPT;C:\Program Files (x86)\Intel\Intel(R) Management Engine Components\IPT;C:\Program Files (x86)\Lenovo\Motion Control\;C:\Program Files\Intel\WiFi\bin\;C:\Program Files\Common Files\Intel\WirelessCommon\;C:\Program Files (x86)\Skype\Phone\;C:\windows\system32\config\systemprofile\.dnx\bin;C:\Program Files\Microsoft DNX\Dnvm\;C:\Program Files\Microsoft SQL Server\130\Tools\Binn\;C:\Program Files\Git\cmd;C:\Users\Eudy\Documents\Eclipsse Kepler\eclipse;
USERNAME=Eudy
OS=Windows_NT
PROCESSOR_IDENTIFIER=Intel64 Family 6 Model 61 Stepping 4, GenuineIntel



---------------  S Y S T E M  ---------------

OS: Windows 8.1 , 64 bit Build 9600 (6.3.9600.17415)

CPU:total 4 (2 cores per cpu, 2 threads per core) family 6 model 61 stepping 4, cmov, cx8, fxsr, mmx, sse, sse2, sse3, ssse3, sse4.1, sse4.2, popcnt, avx, avx2, aes, clmul, erms, 3dnowpref, lzcnt, ht, tsc, tscinvbit, bmi1, bmi2, adx

Memory: 4k page, physical 8292268k(1214468k free), swap 32007612k(5552k free)

vm_info: Java HotSpot(TM) 64-Bit Server VM (25.102-b14) for windows-amd64 JRE (1.8.0_102-b14), built on Jun 22 2016 13:15:21 by "java_re" with MS VC++ 10.0 (VS2010)

time: Fri Dec 30 21:59:18 2016
elapsed time: 7 seconds (0d 0h 0m 7s)

